[    1028ms] [ERROR] Failed to load resource: the server responded with a status of 404 () @ https://www.dbuu.ac.in/assets/css/research-style.css:0
[    1178ms] [ERROR] Failed to load resource: the server responded with a status of 404 () @ https://www.dbuu.ac.in/admissions/assets/images/logo/cet-logo-dbuu.webp:0
[    1504ms] [ERROR] Failed to load resource: the server responded with a status of 404 () @ https://www.dbuu.ac.in/admissions/images/PLACEMENT-WEB-SLIDER-NEW-THEME.webp:0
[    1510ms] [ERROR] Failed to load resource: the server responded with a status of 404 () @ https://www.dbuu.ac.in/admissions/assets/images/approvals/UK-Govt.webp:0
[    1522ms] [ERROR] Failed to load resource: the server responded with a status of 404 () @ https://www.dbuu.ac.in/admissions/images/AWARD-SLDIER-1.webp:0
[    1529ms] [ERROR] Failed to load resource: the server responded with a status of 404 () @ https://www.dbuu.ac.in/admissions/images/CUET-WEB-SLIDER-FOR-WEBSITE.webp:0
[    1544ms] [ERROR] Failed to load resource: the server responded with a status of 404 () @ https://www.dbuu.ac.in/admissions/images/Web-Slider-mobile.webp:0
[    1555ms] [ERROR] Failed to load resource: the server responded with a status of 404 () @ https://www.dbuu.ac.in/admissions/images/campus-infra-dbuu.webp:0
[    1555ms] [ERROR] Failed to load resource: the server responded with a status of 404 () @ https://www.dbuu.ac.in/admissions/images/ISRO-AMI-WEB-SLIDER-Desktop.webp:0
[    1560ms] [ERROR] Failed to load resource: the server responded with a status of 404 () @ https://www.dbuu.ac.in/admissions/images/pinak-banner-desktop.webp:0
[    1569ms] [ERROR] Failed to load resource: the server responded with a status of 404 () @ https://www.dbuu.ac.in/admissions/images/cet-mobile-slider.webp:0
[    1569ms] [ERROR] Failed to load resource: the server responded with a status of 404 () @ https://www.dbuu.ac.in/admissions/assets/images/ABOUT-US-WEBPAGE-CREATIVE.webp:0
[    1571ms] [ERROR] Failed to load resource: the server responded with a status of 404 () @ https://www.dbuu.ac.in/admissions/images/WDSAI-website-1.webp:0
[    1577ms] [ERROR] Failed to load resource: the server responded with a status of 404 () @ https://www.dbuu.ac.in/admissions/images/WDSAI-website-2.webp:0
[    1577ms] [ERROR] Failed to load resource: the server responded with a status of 404 () @ https://www.dbuu.ac.in/admissions/images/pinak-banner-mobile.webp:0
[    1577ms] [ERROR] Failed to load resource: the server responded with a status of 404 () @ https://www.dbuu.ac.in/admissions/images/AWARD-SLDIER-2.webp:0
[    1577ms] [ERROR] Failed to load resource: the server responded with a status of 404 () @ https://www.dbuu.ac.in/admissions/assets/images/approvals/UGC-1.webp:0
[    1578ms] [ERROR] Failed to load resource: the server responded with a status of 404 () @ https://www.dbuu.ac.in/admissions/images/PLACEMENT-WEB-SLIDER-NEW-THEME-MOB.webp:0
[    1581ms] [ERROR] Failed to load resource: the server responded with a status of 404 () @ https://www.dbuu.ac.in/admissions/assets/images/research-collaboration/Business-Hotel-Management.webp:0
[    1583ms] [ERROR] Failed to load resource: the server responded with a status of 404 () @ https://www.dbuu.ac.in/admissions/assets/images/logo/devbhoomi-logo.webp:0
[    1583ms] [ERROR] Failed to load resource: the server responded with a status of 404 () @ https://www.dbuu.ac.in/admissions/assets/images/approvals/PCI.webp:0
[    1583ms] [ERROR] Failed to load resource: the server responded with a status of 404 () @ https://www.dbuu.ac.in/admissions/images/Web-Slider-pinak-26.webp:0
[    1583ms] [ERROR] Failed to load resource: the server responded with a status of 404 () @ https://www.dbuu.ac.in/admissions/assets/images/research-collaboration/ict-academy.webp:0
[    1584ms] [ERROR] Failed to load resource: the server responded with a status of 404 () @ https://www.dbuu.ac.in/admissions/life-at-dbuu/images/Japanese-Technical-Delegation/8.webp:0
[    1585ms] [ERROR] Failed to load resource: the server responded with a status of 404 () @ https://www.dbuu.ac.in/admissions/images/ISRO-AMI-WEB-SLIDER-Mob.webp:0
[    1588ms] [ERROR] Failed to load resource: the server responded with a status of 404 () @ https://www.dbuu.ac.in/admissions/assets/images/research-collaboration/Zhejiang-University.webp:0
[    1588ms] [ERROR] Failed to load resource: the server responded with a status of 404 () @ https://www.dbuu.ac.in/admissions/assets/images/research-collaboration/Republic-Equatorial-Guinea.webp:0
[    1588ms] [ERROR] Failed to load resource: the server responded with a status of 404 () @ https://www.dbuu.ac.in/admissions/academics/images/faculty-dbuu.webp:0
[    1588ms] [ERROR] Failed to load resource: the server responded with a status of 404 () @ https://www.dbuu.ac.in/admissions/assets/images/research-collaboration/Biliran-Province.webp:0
[    1588ms] [ERROR] Failed to load resource: the server responded with a status of 404 () @ https://www.dbuu.ac.in/admissions/assets/images/approvals/NCAHP.webp:0
[    1590ms] [ERROR] Failed to load resource: the server responded with a status of 404 () @ https://www.dbuu.ac.in/admissions/assets/images/coe-logo.webp:0
[    1591ms] [ERROR] Failed to load resource: the server responded with a status of 404 () @ https://www.dbuu.ac.in/admissions/assets/images/home/INDUSTRY-CONNECTION.webp:0
[    1591ms] [ERROR] Failed to load resource: the server responded with a status of 404 () @ https://www.dbuu.ac.in/admissions/assets/images/approvals/UAU.webp:0
[    1593ms] [ERROR] Failed to load resource: the server responded with a status of 404 () @ https://www.dbuu.ac.in/admissions/assets/images/research-collaboration/Fashion-Design-Institute.webp:0
[    1598ms] [ERROR] Failed to load resource: the server responded with a status of 404 () @ https://www.dbuu.ac.in/admissions/assets/images/campus-life/pic-1.webp:0
[    1619ms] [ERROR] Failed to load resource: the server responded with a status of 404 () @ https://www.dbuu.ac.in/admissions/assets/images/research-collaboration/Daffodil-International-University.webp:0
[    1620ms] [ERROR] Failed to load resource: the server responded with a status of 404 () @ https://www.dbuu.ac.in/admissions/assets/images/dbuu-schools/1_SoMC.webp:0
[    1624ms] [ERROR] Failed to load resource: the server responded with a status of 404 () @ https://www.dbuu.ac.in/admissions/assets/images/approvals/UBTER.webp:0
[    1624ms] [ERROR] Failed to load resource: the server responded with a status of 404 () @ https://www.dbuu.ac.in/admissions/assets/images/research-collaboration/honeywell.webp:0
[    1624ms] [ERROR] Failed to load resource: the server responded with a status of 404 () @ https://www.dbuu.ac.in/admissions/assets/images/home/campus-infra.webp:0
[    1625ms] [ERROR] Failed to load resource: the server responded with a status of 404 () @ https://www.dbuu.ac.in/admissions/assets/images/approvals/bci-logo-new.webp:0
[    1625ms] [ERROR] Failed to load resource: the server responded with a status of 404 () @ https://www.dbuu.ac.in/admissions/assets/images/approvals/INC.webp:0
[    1631ms] [ERROR] Failed to load resource: the server responded with a status of 404 () @ https://www.dbuu.ac.in/admissions/assets/images/research-collaboration/Youth-Education-Service-YES.webp:0
[    1632ms] [ERROR] Failed to load resource: the server responded with a status of 404 () @ https://www.dbuu.ac.in/admissions/assets/images/research-collaboration/Final-International-University.webp:0
[    1640ms] [ERROR] Failed to load resource: the server responded with a status of 404 () @ https://www.dbuu.ac.in/admissions/assets/images/approvals/COA.webp:0
[    1641ms] [ERROR] Failed to load resource: the server responded with a status of 404 () @ https://www.dbuu.ac.in/admissions/assets/images/campus-life/dbuu-campus-view-desktop.webp:0
[    1641ms] [ERROR] Failed to load resource: the server responded with a status of 404 () @ https://www.dbuu.ac.in/admissions/assets/images/dbuu-schools/5.webp:0
[    1641ms] [ERROR] Failed to load resource: the server responded with a status of 404 () @ https://www.dbuu.ac.in/admissions/assets/images/dbuu-schools/1_Polytechnic.webp:0
[    1641ms] [ERROR] Failed to load resource: the server responded with a status of 404 () @ https://www.dbuu.ac.in/admissions/assets/images/campus-life/dbuu-campus-view-mobile.webp:0
[    1642ms] [ERROR] Failed to load resource: the server responded with a status of 404 () @ https://www.dbuu.ac.in/admissions/images/placement/6.webp:0
[    1646ms] [ERROR] Failed to load resource: the server responded with a status of 404 () @ https://www.dbuu.ac.in/admissions/images/placement/15.webp:0
[    1648ms] [ERROR] Failed to load resource: the server responded with a status of 404 () @ https://www.dbuu.ac.in/admissions/assets/images/dbuu-schools/3.webp:0
[    1648ms] [ERROR] Failed to load resource: the server responded with a status of 404 () @ https://www.dbuu.ac.in/admissions/images/dbuu-evnts.webp:0
[    1648ms] [ERROR] Failed to load resource: the server responded with a status of 404 () @ https://www.dbuu.ac.in/admissions/images/soprts-activities.webp:0
[    1649ms] [ERROR] Failed to load resource: the server responded with a status of 404 () @ https://www.dbuu.ac.in/admissions/images/placement/5.webp:0
[    1654ms] [ERROR] Failed to load resource: the server responded with a status of 404 () @ https://www.dbuu.ac.in/admissions/images/placement/10.webp:0
[    1656ms] [ERROR] Failed to load resource: the server responded with a status of 404 () @ https://www.dbuu.ac.in/admissions/images/placement/11.webp:0
[    1658ms] [ERROR] Failed to load resource: the server responded with a status of 404 () @ https://www.dbuu.ac.in/admissions/assets/images/dbuu-schools/7.webp:0
[    1658ms] [ERROR] Failed to load resource: the server responded with a status of 404 () @ https://www.dbuu.ac.in/admissions/images/placement/1.webp:0
[    1658ms] [ERROR] Failed to load resource: the server responded with a status of 404 () @ https://www.dbuu.ac.in/admissions/assets/images/apply-now/applynow.webp:0
[    1658ms] [ERROR] Failed to load resource: the server responded with a status of 404 () @ https://www.dbuu.ac.in/admissions/images/placement/8.webp:0
[    1665ms] [ERROR] Failed to load resource: the server responded with a status of 404 () @ https://www.dbuu.ac.in/admissions/assets/images/dbuu-schools/soec.webp:0
[    1665ms] [ERROR] Failed to load resource: the server responded with a status of 404 () @ https://www.dbuu.ac.in/admissions/images/placement/4.webp:0
[    1685ms] [ERROR] Failed to load resource: the server responded with a status of 404 () @ https://www.dbuu.ac.in/admissions/assets/images/dbuu-schools/4.webp:0
[    1686ms] [ERROR] Failed to load resource: the server responded with a status of 404 () @ https://www.dbuu.ac.in/admissions/assets/images/dbuu-schools/architecture.school-bnner.webp:0
[    1686ms] [ERROR] Failed to load resource: the server responded with a status of 404 () @ https://www.dbuu.ac.in/admissions/images/placement/3.webp:0
[    1693ms] [ERROR] Failed to load resource: the server responded with a status of 404 () @ https://www.dbuu.ac.in/admissions/assets/images/dbuu-schools/6.webp:0
[    1693ms] [ERROR] Failed to load resource: the server responded with a status of 404 () @ https://www.dbuu.ac.in/admissions/images/placement/placement-44-2.webp:0
[    1693ms] [ERROR] Failed to load resource: the server responded with a status of 404 () @ https://www.dbuu.ac.in/admissions/images/placement/13.webp:0
[    1693ms] [ERROR] Failed to load resource: the server responded with a status of 404 () @ https://www.dbuu.ac.in/admissions/images/placement/placement-44.webp:0
[    1693ms] [ERROR] Failed to load resource: the server responded with a status of 404 () @ https://www.dbuu.ac.in/admissions/images/placement/18.webp:0
[    1694ms] [ERROR] Failed to load resource: the server responded with a status of 404 () @ https://www.dbuu.ac.in/admissions/images/placement/14.webp:0
[    1694ms] [ERROR] Failed to load resource: the server responded with a status of 404 () @ https://www.dbuu.ac.in/admissions/images/placement/12.webp:0
[    1694ms] [ERROR] Failed to load resource: the server responded with a status of 404 () @ https://www.dbuu.ac.in/admissions/assets/images/dbuu-schools/2.webp:0
[    1695ms] [ERROR] Failed to load resource: the server responded with a status of 404 () @ https://www.dbuu.ac.in/admissions/images/placement/2.webp:0
[    1698ms] [ERROR] Failed to load resource: the server responded with a status of 404 () @ https://www.dbuu.ac.in/admissions/images/placement/9.webp:0
[    1698ms] [ERROR] Failed to load resource: the server responded with a status of 404 () @ https://www.dbuu.ac.in/admissions/images/dbuu-clubs.webp:0
[    1703ms] [ERROR] Failed to load resource: the server responded with a status of 404 () @ https://www.dbuu.ac.in/admissions/images/placement/7.webp:0
[    1703ms] [ERROR] Failed to load resource: the server responded with a status of 404 () @ https://www.dbuu.ac.in/admissions/assets/images/testimonials/5.webp:0
[    1712ms] [ERROR] Failed to load resource: the server responded with a status of 404 () @ https://www.dbuu.ac.in/admissions/images/placement/best/best-placement-10.webp:0
[    1713ms] [ERROR] Failed to load resource: the server responded with a status of 404 () @ https://www.dbuu.ac.in/admissions/images/placement/best/best-placement-4.webp:0
[    1715ms] [ERROR] Failed to load resource: the server responded with a status of 404 () @ https://www.dbuu.ac.in/admissions/images/placement/best/best-placement-1.webp:0
[    1715ms] [ERROR] Failed to load resource: the server responded with a status of 404 () @ https://www.dbuu.ac.in/admissions/images/placement/17.webp:0
[    1715ms] [ERROR] Failed to load resource: the server responded with a status of 404 () @ https://www.dbuu.ac.in/admissions/images/placement/best/best-placement-3.webp:0
[    1725ms] [ERROR] Failed to load resource: the server responded with a status of 404 () @ https://www.dbuu.ac.in/admissions/images/placement/best/best-placement-11.webp:0
[    1725ms] [ERROR] Failed to load resource: the server responded with a status of 404 () @ https://www.dbuu.ac.in/admissions/assets/images/mous/GSTM.webp:0
[    1725ms] [ERROR] Failed to load resource: the server responded with a status of 404 () @ https://www.dbuu.ac.in/admissions/images/placement/best/best-placement-14.webp:0
[    1737ms] [ERROR] Failed to load resource: the server responded with a status of 404 () @ https://www.dbuu.ac.in/admissions/images/placement/best/best-placement-7.webp:0
[    1737ms] [ERROR] Failed to load resource: the server responded with a status of 404 () @ https://www.dbuu.ac.in/admissions/images/placement/16.webp:0
[    1737ms] [ERROR] Failed to load resource: the server responded with a status of 404 () @ https://www.dbuu.ac.in/admissions/assets/images/testimonials/2.webp:0
[    1737ms] [ERROR] Failed to load resource: the server responded with a status of 404 () @ https://www.dbuu.ac.in/admissions/assets/images/mous/Nelson.webp:0
[    1737ms] [ERROR] Failed to load resource: the server responded with a status of 404 () @ https://www.dbuu.ac.in/admissions/events/images/pinak/2024/Cultural-Night/photo-3.webp:0
[    1737ms] [ERROR] Failed to load resource: the server responded with a status of 404 () @ https://www.dbuu.ac.in/admissions/assets/images/students-life/student-life-3.webp:0
[    1738ms] [ERROR] Failed to load resource: the server responded with a status of 404 () @ https://www.dbuu.ac.in/admissions/assets/images/international-stududents/international-dbuu-student-2.webp:0
[    1749ms] TypeError: Failed to construct 'URL': Invalid URL
    at https://www.dbuu.ac.in/admissions/:10204:23
[    1749ms] TypeError: Cannot read properties of null (reading 'addEventListener')
    at https://www.dbuu.ac.in/admissions/:10257:18
[    1750ms] [ERROR] Failed to load resource: the server responded with a status of 404 () @ https://www.dbuu.ac.in/admissions/images/placement/best/best-placement-9.webp:0
[    1750ms] [ERROR] Failed to load resource: the server responded with a status of 404 () @ https://www.dbuu.ac.in/admissions/images/placement/best/best-placement-6.webp:0
[    1752ms] [ERROR] Failed to load resource: the server responded with a status of 404 () @ https://www.dbuu.ac.in/admissions/assets/images/testimonials/Rohit-Kumar-MBA.webp:0
[    1754ms] [ERROR] Failed to load resource: the server responded with a status of 404 () @ https://www.dbuu.ac.in/admissions/assets/images/mous/VSB.webp:0
[    1755ms] [ERROR] Failed to load resource: the server responded with a status of 404 () @ https://www.dbuu.ac.in/admissions/images/placement/best/best-placement-2.webp:0
[    1755ms] [ERROR] Failed to load resource: the server responded with a status of 404 () @ https://www.dbuu.ac.in/admissions/images/placement/best/best-placement-5.webp:0
[    1767ms] [ERROR] Failed to load resource: the server responded with a status of 404 () @ https://www.dbuu.ac.in/admissions/events/images/pinak/2024/Farewell/photo-2.webp:0
[    1768ms] [ERROR] Failed to load resource: the server responded with a status of 404 () @ https://www.dbuu.ac.in/admissions/assets/images/students-life/student-life-5.webp:0
[    1768ms] [ERROR] Failed to load resource: the server responded with a status of 404 () @ https://www.dbuu.ac.in/admissions/images/placement/best/best-placement-13.webp:0
[    1768ms] [ERROR] Failed to load resource: the server responded with a status of 404 () @ https://www.dbuu.ac.in/admissions/images/placement/best/best-placement-12.webp:0
[    1770ms] [ERROR] Failed to load resource: the server responded with a status of 404 () @ https://www.dbuu.ac.in/admissions/assets/images/international-stududents/international-dbuu-student-3.webp:0
[    1773ms] [ERROR] Failed to load resource: the server responded with a status of 404 () @ https://www.dbuu.ac.in/admissions/assets/images/mous/red-hat.webp:0
[    1773ms] [ERROR] Failed to load resource: the server responded with a status of 404 () @ https://www.dbuu.ac.in/admissions/assets/images/students-life/student-life-8.webp:0
[    1773ms] [ERROR] Failed to load resource: the server responded with a status of 404 () @ https://www.dbuu.ac.in/admissions/assets/images/mous/University-Malaya.webp:0
[    1774ms] [ERROR] Failed to load resource: the server responded with a status of 404 () @ https://www.dbuu.ac.in/admissions/placement/images/success-story/soniya_singh.webp:0
[    1774ms] [ERROR] Failed to load resource: the server responded with a status of 404 () @ https://www.dbuu.ac.in/admissions/assets/images/students-life/pinak-25-1.webp:0
[    1774ms] [ERROR] Failed to load resource: the server responded with a status of 404 () @ https://www.dbuu.ac.in/admissions/assets/images/students-life/student-life-9.webp:0
[    1774ms] [ERROR] Failed to load resource: the server responded with a status of 404 () @ https://www.dbuu.ac.in/admissions/assets/images/testimonials/1.webp:0
[    1774ms] [ERROR] Failed to load resource: the server responded with a status of 404 () @ https://www.dbuu.ac.in/admissions/assets/images/testimonials/Meenu-Rani-MBA.webp:0
[    1774ms] [ERROR] Failed to load resource: the server responded with a status of 404 () @ https://www.dbuu.ac.in/admissions/images/placement/best/best-placement-8.webp:0
[    1777ms] [ERROR] Failed to load resource: the server responded with a status of 404 () @ https://www.dbuu.ac.in/admissions/assets/images/students-life/student-life-7.webp:0
[    1777ms] [ERROR] Failed to load resource: the server responded with a status of 404 () @ https://www.dbuu.ac.in/admissions/assets/images/international-stududents/international-dbuu-student-1.webp:0
[    1777ms] [ERROR] Failed to load resource: the server responded with a status of 404 () @ https://www.dbuu.ac.in/admissions/assets/images/students-life/pinak-25-3.webp:0
[    1779ms] [ERROR] Failed to load resource: the server responded with a status of 404 () @ https://www.dbuu.ac.in/admissions/assets/images/students-life/student-life-4.webp:0
[    1783ms] [ERROR] Failed to load resource: the server responded with a status of 404 () @ https://www.dbuu.ac.in/admissions/assets/images/testimonials/Soniya-Singh-Chouhan-MBA.webp:0
[    1783ms] [ERROR] Failed to load resource: the server responded with a status of 404 () @ https://www.dbuu.ac.in/admissions/assets/images/students-life/pinak-25-2.webp:0
[    1794ms] [ERROR] Failed to load resource: the server responded with a status of 404 () @ https://www.dbuu.ac.in/admissions/assets/images/testimonials/Nitesh-Kumar-MBA-Decathalon.webp:0
[    1795ms] [ERROR] Failed to load resource: the server responded with a status of 404 () @ https://www.dbuu.ac.in/admissions/assets/images/testimonials/Ritanshi-Singh-MBA-Q1-Tech.webp:0
[    1799ms] [ERROR] Failed to load resource: the server responded with a status of 404 () @ https://www.dbuu.ac.in/admissions/assets/images/testimonials/4.webp:0
[    1799ms] [ERROR] Failed to load resource: the server responded with a status of 404 () @ https://www.dbuu.ac.in/admissions/assets/images/testimonials/Arpan-kr.-Awasthi.webp:0
[    1799ms] [ERROR] Failed to load resource: the server responded with a status of 404 () @ https://www.dbuu.ac.in/admissions/assets/images/testimonials/3.webp:0
[    1812ms] [ERROR] Failed to load resource: the server responded with a status of 404 () @ https://www.dbuu.ac.in/admissions/assets/images/mous/TUS.webp:0
[    1812ms] [ERROR] Failed to load resource: the server responded with a status of 404 () @ https://www.dbuu.ac.in/admissions/placement/images/success-story/khushi_arora.webp:0
[    1814ms] [ERROR] Failed to load resource: the server responded with a status of 404 () @ https://www.dbuu.ac.in/admissions/assets/images/students-life/student-life-6.webp:0
[    1824ms] [ERROR] Failed to load resource: the server responded with a status of 404 () @ https://www.dbuu.ac.in/admissions/placement/images/success-story/aarpan_kumar.webp:0
[    1825ms] [ERROR] Failed to load resource: the server responded with a status of 404 () @ https://www.dbuu.ac.in/admissions/events/images/pinak/2024/Cultural-Night/photo-2.webp:0
[    1825ms] [ERROR] Failed to load resource: the server responded with a status of 404 () @ https://www.dbuu.ac.in/admissions/events/images/pinak/2024/Farewell/photo-4.webp:0
[    1825ms] [ERROR] Failed to load resource: the server responded with a status of 404 () @ https://www.dbuu.ac.in/admissions/events/images/pinak/2024/Farewell/photo-1.webp:0
[    1836ms] [ERROR] Failed to load resource: the server responded with a status of 404 () @ https://www.dbuu.ac.in/admissions/images/faculties/ad_f_1.webp:0
[    1836ms] [ERROR] Failed to load resource: the server responded with a status of 404 () @ https://www.dbuu.ac.in/admissions/images/dean-soec.webp:0
[    1843ms] [ERROR] Failed to load resource: the server responded with a status of 404 () @ https://www.dbuu.ac.in/admissions/images/deansomc.webp:0
[    1850ms] [ERROR] Failed to load resource: the server responded with a status of 404 () @ https://www.dbuu.ac.in/admissions/events/images/pinak/2024/Cultural-Night/photo-10.webp:0
[    1851ms] [ERROR] Failed to load resource: the server responded with a status of 404 () @ https://www.dbuu.ac.in/admissions/images/ropesh-singh-pawar.webp:0
[    1854ms] [ERROR] Failed to load resource: the server responded with a status of 404 () @ https://www.dbuu.ac.in/admissions/assets/images/students-life/pinak-25-6.webp:0
[    1859ms] [ERROR] Failed to load resource: the server responded with a status of 404 () @ https://www.dbuu.ac.in/admissions/assets/images/students-life/student-life-2.webp:0
[    1859ms] [ERROR] Failed to load resource: the server responded with a status of 404 () @ https://www.dbuu.ac.in/admissions/assets/images/students-life/pinak-25-8.webp:0
[    1890ms] [ERROR] Failed to load resource: the server responded with a status of 404 () @ https://www.dbuu.ac.in/admissions/events/images/pinak/2024/Cultural-Night/photo-7.webp:0
[    1891ms] [ERROR] Failed to load resource: the server responded with a status of 404 () @ https://www.dbuu.ac.in/admissions/images/dean-soapd.webp:0
[    1891ms] [ERROR] Failed to load resource: the server responded with a status of 404 () @ https://www.dbuu.ac.in/admissions/assets/images/students-life/student-life-1.webp:0
[    1906ms] [ERROR] Failed to load resource: the server responded with a status of 404 () @ https://www.dbuu.ac.in/admissions/assets/images/students-life/pinak-25-5.webp:0
[    1913ms] [ERROR] Failed to load resource: the server responded with a status of 404 () @ https://www.dbuu.ac.in/admissions/assets/images/school-bg.webp:0
[    1913ms] [ERROR] Failed to load resource: the server responded with a status of 404 () @ https://www.dbuu.ac.in/admissions/events/images/pinak/2024/Cultural-Night/photo-9.webp:0
[    1923ms] [WARNING] [Meta Pixel] - Duplicate Pixel ID: 676091234703485. @ https://connect.facebook.net/en_US/fbevents.js:181
[    1927ms] [ERROR] Failed to load resource: the server responded with a status of 404 () @ https://www.dbuu.ac.in/admissions/events/images/pinak/2024/Cultural-Night/photo-1.webp:0
[    1969ms] [ERROR] Failed to load resource: the server responded with a status of 404 () @ https://www.dbuu.ac.in/admissions/devbhoomi-mahotsav-2026.webp:0
[    2286ms] [ERROR] Failed to load resource: the server responded with a status of 404 () @ https://www.dbuu.ac.in/admissions/assets/images/research-collaboration/ict-academy.webp:0
[    2286ms] [ERROR] Failed to load resource: the server responded with a status of 404 () @ https://www.dbuu.ac.in/admissions/assets/images/research-collaboration/Youth-Education-Service-YES.webp:0
[    2286ms] [ERROR] Failed to load resource: the server responded with a status of 404 () @ https://www.dbuu.ac.in/admissions/assets/images/research-collaboration/Republic-Equatorial-Guinea.webp:0
[    2286ms] [ERROR] Failed to load resource: the server responded with a status of 404 () @ https://www.dbuu.ac.in/admissions/assets/images/research-collaboration/Final-International-University.webp:0
[    2286ms] [ERROR] Failed to load resource: the server responded with a status of 404 () @ https://www.dbuu.ac.in/admissions/assets/images/research-collaboration/Fashion-Design-Institute.webp:0
[    2286ms] [ERROR] Failed to load resource: the server responded with a status of 404 () @ https://www.dbuu.ac.in/admissions/assets/images/research-collaboration/Daffodil-International-University.webp:0
[    2286ms] [ERROR] Failed to load resource: the server responded with a status of 404 () @ https://www.dbuu.ac.in/admissions/assets/images/research-collaboration/Business-Hotel-Management.webp:0
[    2286ms] [ERROR] Failed to load resource: the server responded with a status of 404 () @ https://www.dbuu.ac.in/admissions/assets/images/research-collaboration/Biliran-Province.webp:0
[    2286ms] [ERROR] Failed to load resource: the server responded with a status of 404 () @ https://www.dbuu.ac.in/admissions/assets/images/research-collaboration/Zhejiang-University.webp:0
[    2286ms] [ERROR] Failed to load resource: the server responded with a status of 404 () @ https://www.dbuu.ac.in/admissions/assets/images/research-collaboration/honeywell.webp:0
[    2286ms] [ERROR] Failed to load resource: the server responded with a status of 404 () @ https://www.dbuu.ac.in/admissions/assets/images/dbuu-schools/1_Polytechnic.webp:0
[    2286ms] [ERROR] Failed to load resource: the server responded with a status of 404 () @ https://www.dbuu.ac.in/admissions/assets/images/dbuu-schools/2.webp:0
[    2286ms] [ERROR] Failed to load resource: the server responded with a status of 404 () @ https://www.dbuu.ac.in/admissions/assets/images/dbuu-schools/7.webp:0
[    2286ms] [ERROR] Failed to load resource: the server responded with a status of 404 () @ https://www.dbuu.ac.in/admissions/assets/images/dbuu-schools/soec.webp:0
[    2286ms] [ERROR] Failed to load resource: the server responded with a status of 404 () @ https://www.dbuu.ac.in/admissions/assets/images/dbuu-schools/3.webp:0
[    2286ms] [ERROR] Failed to load resource: the server responded with a status of 404 () @ https://www.dbuu.ac.in/admissions/assets/images/dbuu-schools/4.webp:0
[    2286ms] [ERROR] Failed to load resource: the server responded with a status of 404 () @ https://www.dbuu.ac.in/admissions/assets/images/international-stududents/international-dbuu-student-2.webp:0
[    2286ms] [ERROR] Failed to load resource: the server responded with a status of 404 () @ https://www.dbuu.ac.in/admissions/assets/images/approvals/COA.webp:0
[    2287ms] [ERROR] Failed to load resource: the server responded with a status of 404 () @ https://www.dbuu.ac.in/admissions/assets/images/approvals/NCAHP.webp:0
[    2287ms] [ERROR] Failed to load resource: the server responded with a status of 404 () @ https://www.dbuu.ac.in/admissions/assets/images/approvals/UBTER.webp:0
[    2287ms] [ERROR] Failed to load resource: the server responded with a status of 404 () @ https://www.dbuu.ac.in/admissions/assets/images/approvals/UAU.webp:0
[    2287ms] [ERROR] Failed to load resource: the server responded with a status of 404 () @ https://www.dbuu.ac.in/admissions/assets/images/approvals/bci-logo-new.webp:0
[    2287ms] [ERROR] Failed to load resource: the server responded with a status of 404 () @ https://www.dbuu.ac.in/admissions/assets/images/approvals/INC.webp:0
[    2287ms] [ERROR] Failed to load resource: the server responded with a status of 404 () @ https://www.dbuu.ac.in/admissions/assets/images/approvals/UK-Govt.webp:0
[    2287ms] [ERROR] Failed to load resource: the server responded with a status of 404 () @ https://www.dbuu.ac.in/admissions/assets/images/approvals/UGC-1.webp:0
[    2287ms] [ERROR] Failed to load resource: the server responded with a status of 404 () @ https://www.dbuu.ac.in/admissions/assets/images/approvals/PCI.webp:0
[    2287ms] [ERROR] Failed to load resource: the server responded with a status of 404 () @ https://www.dbuu.ac.in/admissions/assets/images/dbuu-schools/5.webp:0
[    2287ms] [ERROR] Failed to load resource: the server responded with a status of 404 () @ https://www.dbuu.ac.in/admissions/assets/images/dbuu-schools/6.webp:0
[    2287ms] [ERROR] Failed to load resource: the server responded with a status of 404 () @ https://www.dbuu.ac.in/admissions/assets/images/dbuu-schools/architecture.school-bnner.webp:0
[    2592ms] [ERROR] Failed to load resource: the server responded with a status of 404 () @ https://www.dbuu.ac.in/admissions/assets/images/logo/dbuu-logo-png.png:0
[    2726ms] [ERROR] Access to XMLHttpRequest at 'https://apply.dbuu.edu.in//cwtrk/?r=&q=&d=https://apply.dbuu.edu.in/&c=6126' from origin 'https://www.dbuu.ac.in' has been blocked by CORS policy: No 'Access-Control-Allow-Origin' header is present on the requested resource. @ https://www.dbuu.ac.in/admissions/:0
[    2726ms] [ERROR] Failed to load resource: net::ERR_FAILED @ https://apply.dbuu.edu.in//cwtrk/?r=&q=&d=https://apply.dbuu.edu.in/&c=6126:0
[    2961ms] [ERROR] Failed to load resource: the server responded with a status of 404 () @ https://www.dbuu.ac.in/admissions/assets/images/home/scholarship-10cror.jpg:0
[    2981ms] [ERROR] Failed to load resource: the server responded with a status of 404 () @ https://www.dbuu.ac.in/admissions/placement/images/recruiters/15.jpg:0
[    3038ms] [ERROR] Failed to load resource: the server responded with a status of 404 () @ https://www.dbuu.ac.in/admissions/placement/images/recruiters/2.jpg:0
[    3043ms] [ERROR] Failed to load resource: the server responded with a status of 404 () @ https://www.dbuu.ac.in/admissions/events/images/pinak/all/p2.png:0
[    3049ms] [ERROR] Failed to load resource: the server responded with a status of 404 () @ https://www.dbuu.ac.in/admissions/placement/images/recruiters/23.jpg:0
[    3056ms] [ERROR] Failed to load resource: the server responded with a status of 404 () @ https://www.dbuu.ac.in/admissions/placement/images/recruiters/24.jpg:0
[    3130ms] [ERROR] Failed to load resource: the server responded with a status of 404 () @ https://www.dbuu.ac.in/admissions/events/images/pinak/all/p1.png:0
[    3137ms] [ERROR] Failed to load resource: the server responded with a status of 404 () @ https://www.dbuu.ac.in/admissions/placement/images/recruiters/5.jpg:0
[    3206ms] [ERROR] Failed to load resource: the server responded with a status of 404 () @ https://www.dbuu.ac.in/admissions/placement/images/recruiters/10.jpg:0
[    3318ms] [ERROR] Failed to load resource: the server responded with a status of 404 () @ https://www.dbuu.ac.in/admissions/placement/images/recruiters/4.jpg:0
[    3432ms] [ERROR] Failed to load resource: the server responded with a status of 404 () @ https://www.dbuu.ac.in/admissions/placement/images/recruiters/3.jpg:0
[    3435ms] [ERROR] Failed to load resource: the server responded with a status of 404 () @ https://www.dbuu.ac.in/admissions/placement/images/recruiters/8.jpg:0
[    3437ms] [ERROR] Failed to load resource: the server responded with a status of 404 () @ https://www.dbuu.ac.in/admissions/placement/images/recruiters/11.jpg:0
[    3474ms] [ERROR] Failed to load resource: the server responded with a status of 404 () @ https://www.dbuu.ac.in/admissions/management/images/test-head-title.jpg:0
[    3474ms] [ERROR] Failed to load resource: the server responded with a status of 404 () @ https://www.dbuu.ac.in/admissions/placement/images/recruiters/7.jpg:0
[    3476ms] [ERROR] Failed to load resource: the server responded with a status of 404 () @ https://www.dbuu.ac.in/admissions/events/images/pinak/all/p6.png:0
[    3476ms] [ERROR] Failed to load resource: the server responded with a status of 404 () @ https://www.dbuu.ac.in/admissions/placement/images/recruiters/6.jpg:0
[    3481ms] [ERROR] Failed to load resource: the server responded with a status of 404 () @ https://www.dbuu.ac.in/admissions/placement/images/recruiters/20.jpg:0
[    3495ms] [ERROR] Failed to load resource: the server responded with a status of 404 () @ https://www.dbuu.ac.in/admissions/placement/images/recruiters/9.jpg:0
[    3498ms] [ERROR] Failed to load resource: the server responded with a status of 404 () @ https://www.dbuu.ac.in/admissions/events/images/pinak/all/p4.png:0
[    3498ms] [ERROR] Failed to load resource: the server responded with a status of 404 () @ https://www.dbuu.ac.in/admissions/placement/images/recruiters/37.jpg:0
[    3512ms] [ERROR] Failed to load resource: the server responded with a status of 404 () @ https://www.dbuu.ac.in/admissions/events/images/pinak/all/p7.png:0
[    3540ms] [ERROR] Failed to load resource: the server responded with a status of 404 () @ https://www.dbuu.ac.in/admissions/placement/images/recruiters/29.jpg:0
[    3550ms] [ERROR] Failed to load resource: the server responded with a status of 404 () @ https://www.dbuu.ac.in/admissions/placement/images/recruiters/17.jpg:0
[    3554ms] [ERROR] Failed to load resource: the server responded with a status of 404 () @ https://www.dbuu.ac.in/admissions/events/images/pinak/all/p8.png:0
[    3561ms] [ERROR] Failed to load resource: the server responded with a status of 404 () @ https://www.dbuu.ac.in/admissions/placement/images/recruiters/27.jpg:0
[    3568ms] [ERROR] Failed to load resource: the server responded with a status of 404 () @ https://www.dbuu.ac.in/admissions/images/Dr-Bhasker-Pratap-Choudhary-Director-IQAC-dbuu.jpg:0
[    3573ms] [ERROR] Failed to load resource: the server responded with a status of 404 () @ https://www.dbuu.ac.in/admissions/placement/images/recruiters/28.jpg:0
[    3578ms] [ERROR] Failed to load resource: the server responded with a status of 404 () @ https://www.dbuu.ac.in/admissions/placement/images/recruiters/21.jpg:0
[    3589ms] [ERROR] Failed to load resource: the server responded with a status of 404 () @ https://www.dbuu.ac.in/admissions/events/images/pinak/all/p5.png:0
[    3595ms] [ERROR] Failed to load resource: the server responded with a status of 404 () @ https://www.dbuu.ac.in/admissions/placement/images/recruiters/22.jpg:0
[    3601ms] [ERROR] Failed to load resource: the server responded with a status of 404 () @ https://www.dbuu.ac.in/admissions/placement/images/recruiters/19.jpg:0
[    3618ms] [ERROR] Failed to load resource: the server responded with a status of 404 () @ https://www.dbuu.ac.in/admissions/events/images/pinak/all/p11.png:0
[    3653ms] [ERROR] Failed to load resource: the server responded with a status of 404 () @ https://www.dbuu.ac.in/admissions/placement/images/recruiters/34.jpg:0
[    3664ms] [ERROR] Failed to load resource: the server responded with a status of 404 () @ https://www.dbuu.ac.in/admissions/placement/images/recruiters/18.jpg:0
[    3664ms] [ERROR] Failed to load resource: the server responded with a status of 404 () @ https://www.dbuu.ac.in/admissions/placement/images/recruiters/40.jpg:0
[    3684ms] [ERROR] Failed to load resource: the server responded with a status of 404 () @ https://www.dbuu.ac.in/admissions/placement/images/recruiters/16.jpg:0
[    3695ms] [ERROR] Failed to load resource: the server responded with a status of 404 () @ https://www.dbuu.ac.in/admissions/placement/images/recruiters/36.jpg:0
[    3696ms] [ERROR] Failed to load resource: the server responded with a status of 404 () @ https://www.dbuu.ac.in/admissions/placement/images/recruiters/31.jpg:0
[    3696ms] [ERROR] Failed to load resource: the server responded with a status of 404 () @ https://www.dbuu.ac.in/admissions/placement/images/recruiters/30.jpg:0
[    3698ms] [ERROR] Failed to load resource: the server responded with a status of 404 () @ https://www.dbuu.ac.in/admissions/placement/images/recruiters/26.jpg:0
[    3701ms] [ERROR] Failed to load resource: the server responded with a status of 404 () @ https://www.dbuu.ac.in/admissions/placement/images/recruiters/33.jpg:0
[    3762ms] [ERROR] Failed to load resource: the server responded with a status of 404 () @ https://www.dbuu.ac.in/admissions/placement/images/recruiters/32.jpg:0
[    3766ms] [ERROR] Failed to load resource: the server responded with a status of 404 () @ https://www.dbuu.ac.in/admissions/events/images/pinak/all/p10.png:0
[    3815ms] [ERROR] Failed to load resource: the server responded with a status of 404 () @ https://www.dbuu.ac.in/admissions/placement/images/recruiters/14.jpg:0
[    3827ms] [ERROR] Failed to load resource: the server responded with a status of 404 () @ https://www.dbuu.ac.in/admissions/placement/images/recruiters/12.jpg:0
[    3854ms] [ERROR] Failed to load resource: the server responded with a status of 404 () @ https://www.dbuu.ac.in/admissions/placement/images/recruiters/13.jpg:0
[    3867ms] [ERROR] Failed to load resource: the server responded with a status of 404 () @ https://www.dbuu.ac.in/admissions/events/images/pinak/all/p3.png:0
[    3870ms] [ERROR] Failed to load resource: the server responded with a status of 404 () @ https://www.dbuu.ac.in/admissions/placement/images/recruiters/1.jpg:0
[    3929ms] [ERROR] Failed to load resource: the server responded with a status of 404 () @ https://www.dbuu.ac.in/admissions/placement/images/recruiters/39.jpg:0
[    3981ms] [ERROR] Failed to load resource: the server responded with a status of 404 () @ https://www.dbuu.ac.in/admissions/placement/images/recruiters/25.jpg:0
[    3996ms] [ERROR] Failed to load resource: the server responded with a status of 404 () @ https://www.dbuu.ac.in/admissions/placement/images/recruiters/35.jpg:0
[    4006ms] [ERROR] Failed to load resource: the server responded with a status of 404 () @ https://www.dbuu.ac.in/admissions/events/images/pinak/all/p9.png:0
