[     143ms] [LOG] [Fast Refresh] rebuilding @ http://localhost:3000/_next/static/chunks/node_modules_next_dist_115brz8._.js:2477
[     318ms] [LOG] [Fast Refresh] done in 275ms @ http://localhost:3000/_next/static/chunks/node_modules_next_dist_115brz8._.js:2477
[     489ms] [INFO] %cDownload the React DevTools for a better development experience: https://react.dev/link/react-devtools font-weight:bold @ http://localhost:3000/_next/static/chunks/node_modules_next_dist_115brz8._.js:2477
[     506ms] [LOG] [HMR] connected @ http://localhost:3000/_next/static/chunks/node_modules_next_dist_115brz8._.js:2477
[   87462ms] [LOG] [Fast Refresh] rebuilding @ http://localhost:3000/_next/static/chunks/node_modules_next_dist_115brz8._.js:2477
[   87659ms] [ERROR] ./src/app/uttaranchal-university/page.tsx:4:1
Module not found: Can't resolve './uu.css'
  2 | import type { Metadata } from "next";
  3 | import { ThemedLeadForm } from "@/components/college/ThemedLeadForm";
> 4 | import "./uu.css";
    | ^^^^^^^^^^^^^^^^^^
  5 |
  6 | export const metadata: Metadata = {
  7 |   title: "Uttaranchal University Admissions 2026 — Apply Online",

https://nextjs.org/docs/messages/module-not-found @ http://localhost:3000/_next/static/chunks/node_modules_next_dist_115brz8._.js:3318
[   87760ms] [LOG] [Fast Refresh] rebuilding @ http://localhost:3000/_next/static/chunks/node_modules_next_dist_115brz8._.js:2477
[   87862ms] [ERROR] ./src/app/uttaranchal-university/page.tsx:4:1
Module not found: Can't resolve './uu.css'
  2 | import type { Metadata } from "next";
  3 | import { ThemedLeadForm } from "@/components/college/ThemedLeadForm";
> 4 | import "./uu.css";
    | ^^^^^^^^^^^^^^^^^^
  5 |
  6 | export const metadata: Metadata = {
  7 |   title: "Uttaranchal University Admissions 2026 — Apply Online",

https://nextjs.org/docs/messages/module-not-found @ http://localhost:3000/_next/static/chunks/node_modules_next_dist_115brz8._.js:3318
[   87964ms] [LOG] [Fast Refresh] rebuilding @ http://localhost:3000/_next/static/chunks/node_modules_next_dist_115brz8._.js:2477
[   88033ms] [ERROR] ./src/app/uttaranchal-university/page.tsx:4:1
Module not found: Can't resolve './uu.css'
  2 | import type { Metadata } from "next";
  3 | import { ThemedLeadForm } from "@/components/college/ThemedLeadForm";
> 4 | import "./uu.css";
    | ^^^^^^^^^^^^^^^^^^
  5 |
  6 | export const metadata: Metadata = {
  7 |   title: "Uttaranchal University Admissions 2026 — Apply Online",

https://nextjs.org/docs/messages/module-not-found @ http://localhost:3000/_next/static/chunks/node_modules_next_dist_115brz8._.js:3318
[   88034ms] [ERROR] Failed to load resource: the server responded with a status of 500 (Internal Server Error) @ http://localhost:3000/dev-bhoomi?_rsc=zJ8NqIMQUm-NpjVw:0
[   88082ms] [ERROR] ./src/app/uttaranchal-university/page.tsx:4:1
Module not found: Can't resolve './uu.css'
  2 | import type { Metadata } from "next";
  3 | import { ThemedLeadForm } from "@/components/college/ThemedLeadForm";
> 4 | import "./uu.css";
    | ^^^^^^^^^^^^^^^^^^
  5 |
  6 | export const metadata: Metadata = {
  7 |   title: "Uttaranchal University Admissions 2026 — Apply Online",

https://nextjs.org/docs/messages/module-not-found @ http://localhost:3000/_next/static/chunks/node_modules_next_dist_115brz8._.js:3318
[   88084ms] [ERROR] Failed to load resource: the server responded with a status of 500 (Internal Server Error) @ http://localhost:3000/dev-bhoomi?_rsc=zJ8NqIMQUm-NpjVw:0
[   88105ms] [ERROR] Failed to load resource: the server responded with a status of 500 (Internal Server Error) @ http://localhost:3000/dev-bhoomi?_rsc=zJ8NqIMQUm-NpjVw:0
[   88108ms] [ERROR] Failed to load resource: the server responded with a status of 500 (Internal Server Error) @ http://localhost:3000/dev-bhoomi:0
[   88170ms] [INFO] %cDownload the React DevTools for a better development experience: https://react.dev/link/react-devtools font-weight:bold @ http://localhost:3000/_next/static/chunks/node_modules_react-dom_0bruynb._.js:15305
[   88198ms] Error: ./src/app/uttaranchal-university/page.tsx:4:1
Module not found: Can't resolve './uu.css'
  2 | import type { Metadata } from "next";
  3 | import { ThemedLeadForm } from "@/components/college/ThemedLeadForm";
> 4 | import "./uu.css";
    | ^^^^^^^^^^^^^^^^^^
  5 |
  6 | export const metadata: Metadata = {
  7 |   title: "Uttaranchal University Admissions 2026 — Apply Online",



https://nextjs.org/docs/messages/module-not-found


    at <unknown> (Error: ./src/app/uttaranchal-university/page.tsx:4:1)
    at <unknown> (https://nextjs.org/docs/messages/module-not-found)
    at Object.getCompilationErrors (file:///Users/devashishthapliyal/Documents/work/ched/edutech-landing/node_modules/next/dist/server/dev/hot-reloader-turbopack.js:1186:59)
    at DevBundlerService.getCompilationError (file:///Users/devashishthapliyal/Documents/work/ched/edutech-landing/node_modules/next/dist/server/lib/dev-bundler-service.js:44:55)
    at DevServer.getCompilationError (file:///Users/devashishthapliyal/Documents/work/ched/edutech-landing/node_modules/next/dist/server/dev/next-dev-server.js:720:42)
    at DevServer.findPageComponents (file:///Users/devashishthapliyal/Documents/work/ched/edutech-landing/node_modules/next/dist/server/dev/next-dev-server.js:690:43)
    at async DevServer.renderErrorToResponseImpl (file:///Users/devashishthapliyal/Documents/work/ched/edutech-landing/node_modules/next/dist/server/base-server.js:1753:26)
[   88199ms] [LOG] [HMR] connected @ http://localhost:3000/_next/static/chunks/node_modules_next_dist_0u_w_5s._.js:1226
[   88200ms] [ERROR] ./src/app/uttaranchal-university/page.tsx:4:1
Module not found: Can't resolve './uu.css'
  2 | import type { Metadata } from "next";
  3 | import { ThemedLeadForm } from "@/components/college/ThemedLeadForm";
> 4 | import "./uu.css";
    | ^^^^^^^^^^^^^^^^^^
  5 |
  6 | export const metadata: Metadata = {
  7 |   title: "Uttaranchal University Admissions 2026 — Apply Online",

https://nextjs.org/docs/messages/module-not-found @ http://localhost:3000/_next/static/chunks/node_modules_next_dist_0u_w_5s._.js:1945
[   88234ms] [ERROR] ./src/app/uttaranchal-university/page.tsx:4:1
Module not found: Can't resolve './uu.css'
  2 | import type { Metadata } from "next";
  3 | import { ThemedLeadForm } from "@/components/college/ThemedLeadForm";
> 4 | import "./uu.css";
    | ^^^^^^^^^^^^^^^^^^
  5 |
  6 | export const metadata: Metadata = {
  7 |   title: "Uttaranchal University Admissions 2026 — Apply Online",

https://nextjs.org/docs/messages/module-not-found @ http://localhost:3000/_next/static/chunks/node_modules_next_dist_0u_w_5s._.js:1945
[   89780ms] [ERROR] ./src/app/uttaranchal-university/page.tsx:4:1
Module not found: Can't resolve './uu.css'
  2 | import type { Metadata } from "next";
  3 | import { ThemedLeadForm } from "@/components/college/ThemedLeadForm";
> 4 | import "./uu.css";
    | ^^^^^^^^^^^^^^^^^^
  5 |
  6 | export const metadata: Metadata = {
  7 |   title: "Uttaranchal University Admissions 2026 — Apply Online",

https://nextjs.org/docs/messages/module-not-found @ http://localhost:3000/_next/static/chunks/node_modules_next_dist_0u_w_5s._.js:1945
[   89846ms] [LOG] [Fast Refresh] rebuilding @ http://localhost:3000/_next/static/chunks/node_modules_next_dist_0u_w_5s._.js:1226
[   90248ms] [ERROR] ./src/app/uttaranchal-university/page.tsx:4:1
Module not found: Can't resolve './uu.css'
  2 | import type { Metadata } from "next";
  3 | import { ThemedLeadForm } from "@/components/college/ThemedLeadForm";
> 4 | import "./uu.css";
    | ^^^^^^^^^^^^^^^^^^
  5 |
  6 | export const metadata: Metadata = {
  7 |   title: "Uttaranchal University Admissions 2026 — Apply Online",

https://nextjs.org/docs/messages/module-not-found @ http://localhost:3000/_next/static/chunks/node_modules_next_dist_0u_w_5s._.js:1945
[   90316ms] [LOG] [Fast Refresh] rebuilding @ http://localhost:3000/_next/static/chunks/node_modules_next_dist_0u_w_5s._.js:1226
[  151600ms] [LOG] [Fast Refresh] rebuilding @ http://localhost:3000/_next/static/chunks/node_modules_next_dist_0u_w_5s._.js:1226
[  151667ms] [LOG] [Fast Refresh] done in 34ms @ http://localhost:3000/_next/static/chunks/node_modules_next_dist_0u_w_5s._.js:1226
[  151850ms] [LOG] [Fast Refresh] rebuilding @ http://localhost:3000/_next/static/chunks/node_modules_next_dist_0u_w_5s._.js:1226
[  151851ms] [LOG] [Fast Refresh] done in 103ms @ http://localhost:3000/_next/static/chunks/node_modules_next_dist_0u_w_5s._.js:1226
[  152027ms] [INFO] %cDownload the React DevTools for a better development experience: https://react.dev/link/react-devtools font-weight:bold @ http://localhost:3000/_next/static/chunks/node_modules_next_dist_115brz8._.js:2477
[  152036ms] [LOG] [HMR] connected @ http://localhost:3000/_next/static/chunks/node_modules_next_dist_115brz8._.js:2477
